2023-04-02 21:28:10.635061 - Initialized conversion of CBT088
2023-04-02 21:28:11.545349 - Received CBT.V504.FILE088.PDS from FILE088.XMI 
2023-04-02 21:28:11.548542 - Found $$$#DATE.txt (text/plain) in CBT.V504.FILE088.PDS, moved to PDS/$$$#DATE
2023-04-02 21:28:11.550155 - Found $ABSTNEW.txt (text/plain) in CBT.V504.FILE088.PDS, moved to PDS/$ABSTNEW
2023-04-02 21:28:11.551534 - Found $ABSTOLD.txt (text/plain) in CBT.V504.FILE088.PDS, moved to PDS/$ABSTOLD
2023-04-02 21:28:11.553053 - Found @FILE088.txt (text/plain) in CBT.V504.FILE088.PDS, moved to PDS/@FILE088
2023-04-02 21:28:11.554404 - Found AUTO.jcl (text/plain) in CBT.V504.FILE088.PDS, moved to PDS/AUTO
2023-04-02 21:28:11.555812 - Found CATLIST.rexx (text/plain) in CBT.V504.FILE088.PDS, moved to PDS/CATLIST
2023-04-02 21:28:11.556843 - Found COMMANDZ.txt (text/plain) in CBT.V504.FILE088.PDS, moved to PDS/COMMANDZ
2023-04-02 21:28:11.557792 - Found CONNECT.txt (text/plain) in CBT.V504.FILE088.PDS, moved to PDS/CONNECT
2023-04-02 21:28:11.558753 - Found EQUREGS.txt (text/plain) in CBT.V504.FILE088.PDS, moved to PDS/EQUREGS
2023-04-02 21:28:11.559732 - Found EXITP20.txt (text/plain) in CBT.V504.FILE088.PDS, moved to PDS/EXITP20
2023-04-02 21:28:11.560657 - Found EXIT004.txt (text/plain) in CBT.V504.FILE088.PDS, moved to PDS/EXIT004
2023-04-02 21:28:11.561657 - Found EXIT005.txt (text/plain) in CBT.V504.FILE088.PDS, moved to PDS/EXIT005
2023-04-02 21:28:11.562569 - Found EXIT008.txt (text/plain) in CBT.V504.FILE088.PDS, moved to PDS/EXIT008
2023-04-02 21:28:11.563546 - Found EXIT05UD.txt (text/plain) in CBT.V504.FILE088.PDS, moved to PDS/EXIT05UD
2023-04-02 21:28:11.565022 - Found EXIT10.txt (text/plain) in CBT.V504.FILE088.PDS, moved to PDS/EXIT10
2023-04-02 21:28:11.566218 - Found EXIT16.txt (text/plain) in CBT.V504.FILE088.PDS, moved to PDS/EXIT16
2023-04-02 21:28:11.567292 - Found EXIT20.txt (text/plain) in CBT.V504.FILE088.PDS, moved to PDS/EXIT20
2023-04-02 21:28:11.568331 - Found EXIT212.txt (text/plain) in CBT.V504.FILE088.PDS, moved to PDS/EXIT212
2023-04-02 21:28:11.569269 - Found EX05OPER.txt (text/plain) in CBT.V504.FILE088.PDS, moved to PDS/EX05OPER
2023-04-02 21:28:11.570200 - Found EX05STUP.txt (text/plain) in CBT.V504.FILE088.PDS, moved to PDS/EX05STUP
2023-04-02 21:28:11.571135 - Found EX16.txt (text/plain) in CBT.V504.FILE088.PDS, moved to PDS/EX16
2023-04-02 21:28:11.572003 - Found EX16$.jcl (text/plain) in CBT.V504.FILE088.PDS, moved to PDS/EX16$
2023-04-02 21:28:11.572976 - Found EX8.txt (text/plain) in CBT.V504.FILE088.PDS, moved to PDS/EX8
2023-04-02 21:28:11.573984 - Found EX8$.jcl (text/plain) in CBT.V504.FILE088.PDS, moved to PDS/EX8$
2023-04-02 21:28:11.575150 - Found EX99.txt (text/plain) in CBT.V504.FILE088.PDS, moved to PDS/EX99
2023-04-02 21:28:11.576159 - Found EX99$.jcl (text/plain) in CBT.V504.FILE088.PDS, moved to PDS/EX99$
2023-04-02 21:28:11.577133 - Found FINDASCB.txt (text/plain) in CBT.V504.FILE088.PDS, moved to PDS/FINDASCB
2023-04-02 21:28:11.578568 - Found GETINFO.txt (text/plain) in CBT.V504.FILE088.PDS, moved to PDS/GETINFO
2023-04-02 21:28:11.579530 - Found GETINFO$.jcl (text/plain) in CBT.V504.FILE088.PDS, moved to PDS/GETINFO$
2023-04-02 21:28:11.580523 - Found GETINFO#.txt (text/plain) in CBT.V504.FILE088.PDS, moved to PDS/GETINFO#
2023-04-02 21:28:11.581568 - Found HERCAUTO.txt (text/plain) in CBT.V504.FILE088.PDS, moved to PDS/HERCAUTO
2023-04-02 21:28:11.582609 - Found IEFACTRT.txt (text/plain) in CBT.V504.FILE088.PDS, moved to PDS/IEFACTRT
2023-04-02 21:28:11.583812 - Found IEFUJV.txt (text/plain) in CBT.V504.FILE088.PDS, moved to PDS/IEFUJV
2023-04-02 21:28:11.585059 - Found IEFUJV$.jcl (text/plain) in CBT.V504.FILE088.PDS, moved to PDS/IEFUJV$
2023-04-02 21:28:11.586284 - Found IEFUTL.txt (text/plain) in CBT.V504.FILE088.PDS, moved to PDS/IEFUTL
2023-04-02 21:28:11.587336 - Found IEFUTL$.jcl (text/plain) in CBT.V504.FILE088.PDS, moved to PDS/IEFUTL$
2023-04-02 21:28:11.588386 - Found IEFU29X.txt (text/plain) in CBT.V504.FILE088.PDS, moved to PDS/IEFU29X
2023-04-02 21:28:11.589459 - Found IEFU29X$.jcl (text/plain) in CBT.V504.FILE088.PDS, moved to PDS/IEFU29X$
2023-04-02 21:28:11.590608 - Found IEFU83X.txt (text/plain) in CBT.V504.FILE088.PDS, moved to PDS/IEFU83X
2023-04-02 21:28:11.591664 - Found IEFU83X$.jcl (text/plain) in CBT.V504.FILE088.PDS, moved to PDS/IEFU83X$
2023-04-02 21:28:11.592690 - Found IGGPRE00.jcl (text/plain) in CBT.V504.FILE088.PDS, moved to PDS/IGGPRE00
2023-04-02 21:28:11.593675 - Found ITACCTBL.jcl (text/plain) in CBT.V504.FILE088.PDS, moved to PDS/ITACCTBL
2023-04-02 21:28:11.594612 - Found JES215MD.txt (text/plain) in CBT.V504.FILE088.PDS, moved to PDS/JES215MD
2023-04-02 21:28:11.596042 - Found JX05.txt (text/plain) in CBT.V504.FILE088.PDS, moved to PDS/JX05
2023-04-02 21:28:11.597068 - Found JX05$.jcl (text/plain) in CBT.V504.FILE088.PDS, moved to PDS/JX05$
2023-04-02 21:28:11.598847 - Found JX08.txt (text/plain) in CBT.V504.FILE088.PDS, moved to PDS/JX08
2023-04-02 21:28:11.600146 - Found JX08$.jcl (text/plain) in CBT.V504.FILE088.PDS, moved to PDS/JX08$
2023-04-02 21:28:11.601941 - Found JX16.txt (text/plain) in CBT.V504.FILE088.PDS, moved to PDS/JX16
2023-04-02 21:28:11.603246 - Found JX16$.jcl (text/plain) in CBT.V504.FILE088.PDS, moved to PDS/JX16$
2023-04-02 21:28:11.604877 - Found J005$DV.txt (text/plain) in CBT.V504.FILE088.PDS, moved to PDS/J005$DV
2023-04-02 21:28:11.606294 - Found J005LOAD.txt (text/plain) in CBT.V504.FILE088.PDS, moved to PDS/J005LOAD
2023-04-02 21:28:11.607991 - Found MCS.jcl (text/plain) in CBT.V504.FILE088.PDS, moved to PDS/MCS
2023-04-02 21:28:11.609274 - Found MINIGEN.jcl (text/plain) in CBT.V504.FILE088.PDS, moved to PDS/MINIGEN
2023-04-02 21:28:11.610517 - Found MULTICOL.txt (text/plain) in CBT.V504.FILE088.PDS, moved to PDS/MULTICOL
2023-04-02 21:28:11.611772 - Found NODTAB22.jcl (text/plain) in CBT.V504.FILE088.PDS, moved to PDS/NODTAB22
2023-04-02 21:28:11.612839 - Found NOKEEP.jcl (text/plain) in CBT.V504.FILE088.PDS, moved to PDS/NOKEEP
2023-04-02 21:28:11.614013 - Found PANBKPR$.jcl (text/plain) in CBT.V504.FILE088.PDS, moved to PDS/PANBKPR$
2023-04-02 21:28:11.615164 - Found PANBKPR#.txt (text/plain) in CBT.V504.FILE088.PDS, moved to PDS/PANBKPR#
2023-04-02 21:28:11.616376 - Found PANBKPR@.jcl (text/plain) in CBT.V504.FILE088.PDS, moved to PDS/PANBKPR@
2023-04-02 21:28:11.617493 - Found PANBKPRT.txt (text/plain) in CBT.V504.FILE088.PDS, moved to PDS/PANBKPRT
2023-04-02 21:28:11.617518 - Found POSTER.bin containing application/octet-stream, moved to PDS/POSTER
2023-04-02 21:28:11.619844 - Found PRCJ2001.txt (text/plain) in CBT.V504.FILE088.PDS, moved to PDS/PRCJ2001
2023-04-02 21:28:11.620978 - Found PRCJ2004.txt (text/plain) in CBT.V504.FILE088.PDS, moved to PDS/PRCJ2004
2023-04-02 21:28:11.622061 - Found PRCJ2212.jcl (text/plain) in CBT.V504.FILE088.PDS, moved to PDS/PRCJ2212
2023-04-02 21:28:11.623130 - Found PRCM0001.jcl (text/plain) in CBT.V504.FILE088.PDS, moved to PDS/PRCM0001
2023-04-02 21:28:11.624189 - Found PRCM0002.jcl (text/plain) in CBT.V504.FILE088.PDS, moved to PDS/PRCM0002
2023-04-02 21:28:11.625155 - Found PRCM0003.jcl (text/plain) in CBT.V504.FILE088.PDS, moved to PDS/PRCM0003
2023-04-02 21:28:11.626062 - Found PRCM0004.jcl (text/plain) in CBT.V504.FILE088.PDS, moved to PDS/PRCM0004
2023-04-02 21:28:11.627007 - Found PRCM0005.jcl (text/plain) in CBT.V504.FILE088.PDS, moved to PDS/PRCM0005
2023-04-02 21:28:11.627973 - Found PRCM0010.jcl (text/plain) in CBT.V504.FILE088.PDS, moved to PDS/PRCM0010
2023-04-02 21:28:11.628924 - Found PRCM0017.jcl (text/plain) in CBT.V504.FILE088.PDS, moved to PDS/PRCM0017
2023-04-02 21:28:11.629847 - Found REDMSG.txt (text/plain) in CBT.V504.FILE088.PDS, moved to PDS/REDMSG
2023-04-02 21:28:11.630956 - Found RELEASE.txt (text/plain) in CBT.V504.FILE088.PDS, moved to PDS/RELEASE
2023-04-02 21:28:11.632117 - Found SETAMODE.txt (text/plain) in CBT.V504.FILE088.PDS, moved to PDS/SETAMODE
2023-04-02 21:28:11.633255 - Found SHUTDOWN.txt (text/plain) in CBT.V504.FILE088.PDS, moved to PDS/SHUTDOWN
2023-04-02 21:28:11.634652 - Found SLSUX06.jcl (text/plain) in CBT.V504.FILE088.PDS, moved to PDS/SLSUX06
2023-04-02 21:28:11.635740 - Found SYSBLD00.jcl (text/plain) in CBT.V504.FILE088.PDS, moved to PDS/SYSBLD00
2023-04-02 21:28:11.636996 - Found SYSCATBK.jcl (text/plain) in CBT.V504.FILE088.PDS, moved to PDS/SYSCATBK
2023-04-02 21:28:11.638130 - Found SYZREORG.jcl (text/plain) in CBT.V504.FILE088.PDS, moved to PDS/SYZREORG
2023-04-02 21:28:11.639364 - Found SYZYGYE$.jcl (text/plain) in CBT.V504.FILE088.PDS, moved to PDS/SYZYGYE$
2023-04-02 21:28:11.640387 - Found SYZYGYEJ.txt (text/plain) in CBT.V504.FILE088.PDS, moved to PDS/SYZYGYEJ
2023-04-02 21:28:11.640399 - Found SYZYGYVR.bin containing application/octet-stream, moved to PDS/SYZYGYVR
2023-04-02 21:28:11.642529 - Found TALK.txt (text/plain) in CBT.V504.FILE088.PDS, moved to PDS/TALK
2023-04-02 21:28:11.643720 - Found TALKP.txt (text/plain) in CBT.V504.FILE088.PDS, moved to PDS/TALKP
2023-04-02 21:28:11.644820 - Found TSOTAB22.jcl (text/plain) in CBT.V504.FILE088.PDS, moved to PDS/TSOTAB22
2023-04-02 21:28:11.645922 - Found ULX$DOC.txt (text/plain) in CBT.V504.FILE088.PDS, moved to PDS/ULX$DOC
2023-04-02 21:28:11.647053 - Found ULXH02.txt (text/plain) in CBT.V504.FILE088.PDS, moved to PDS/ULXH02
2023-04-02 21:28:11.648154 - Found ULXL01.txt (text/plain) in CBT.V504.FILE088.PDS, moved to PDS/ULXL01
2023-04-02 21:28:11.649070 - Found ULXL01$.jcl (text/plain) in CBT.V504.FILE088.PDS, moved to PDS/ULXL01$
2023-04-02 21:28:11.649985 - Found ULXM01.txt (text/plain) in CBT.V504.FILE088.PDS, moved to PDS/ULXM01
2023-04-02 21:28:11.649997 - Found ULXO01.bin containing application/octet-stream, moved to PDS/ULXO01
2023-04-02 21:28:11.651964 - Found ULXP01.txt (text/plain) in CBT.V504.FILE088.PDS, moved to PDS/ULXP01
2023-04-02 21:28:11.653031 - Found ULXP02.txt (text/plain) in CBT.V504.FILE088.PDS, moved to PDS/ULXP02
2023-04-02 21:28:11.654073 - Found ULXP03.txt (text/plain) in CBT.V504.FILE088.PDS, moved to PDS/ULXP03
2023-04-02 21:28:11.655215 - Found USAGE.jcl (text/plain) in CBT.V504.FILE088.PDS, moved to PDS/USAGE
2023-04-02 21:28:11.656208 - Found WAIT$.jcl (text/plain) in CBT.V504.FILE088.PDS, moved to PDS/WAIT$
2023-04-02 21:28:11.657270 - Found WAIT#.jcl (text/plain) in CBT.V504.FILE088.PDS, moved to PDS/WAIT#
2023-04-02 21:28:11.658192 - Found WAITPROG.txt (text/plain) in CBT.V504.FILE088.PDS, moved to PDS/WAITPROG
2023-04-02 21:28:11.659262 - Found XJ2NET.txt (text/plain) in CBT.V504.FILE088.PDS, moved to PDS/XJ2NET
